{"message":"select * from \"dinner_meals\" - relation \"dinner_meals\" does not exist","level":"error"}
{"message":"date_last_eaten is not defined","level":"error"}
{"message":"date_last_eaten is not defined","level":"error"}
{"message":"Undefined binding(s) detected when compiling FIRST query: select * from \"dinner_users\" where \"name\" = ? limit ?","level":"error"}
{"message":"Undefined binding(s) detected when compiling FIRST query: select * from \"dinner_users\" where \"name\" = ? limit ?","level":"error"}
{"message":"Undefined binding(s) detected when compiling FIRST query: select * from \"dinner_users\" where \"name\" = ? limit ?","level":"error"}
{"message":"Undefined binding(s) detected when compiling FIRST query: select * from \"dinner_users\" where \"name\" = ? limit ?","level":"error"}
{"message":"Undefined binding(s) detected when compiling FIRST query: select * from \"dinner_users\" where \"name\" = ? limit ?","level":"error"}
{"message":"Undefined binding(s) detected when compiling FIRST query: select * from \"dinner_users\" where \"name\" = ? limit ?","level":"error"}
{"message":"Undefined binding(s) detected when compiling SELECT query: select * from \"dinner_users\" where \"name\" = ?","level":"error"}
{"message":"User with name kris not found.","level":"error"}
{"message":"User with name Kris not found.","level":"error"}
{"message":"meal is required","level":"error"}
{"message":"meal is required","level":"error"}
{"message":"meal is required","level":"error"}
{"message":"meal is required","level":"error"}
{"message":"rotation is required","level":"error"}
{"message":"insert into \"dinner_meals\" (\"0\", \"1\", \"2\", \"3\", \"4\") values ($1, $2, $3, $4, $5) returning * - column \"0\" of relation \"dinner_meals\" does not exist","level":"error"}
{"message":"insert into \"dinner_meals\" (\"0\", \"1\", \"2\", \"3\", \"4\") values ($1, $2, $3, $4, $5) returning * - column \"0\" of relation \"dinner_meals\" does not exist","level":"error"}
{"message":"insert into \"dinner_meals\" (\"0\", \"1\", \"2\", \"3\", \"4\") values ($1, $2, $3, $4, $5) returning * - column \"0\" of relation \"dinner_meals\" does not exist","level":"error"}
{"message":"meal is required","level":"error"}
{"message":"insert into \"dinner_meals\" (\"0\", \"1\", \"2\", \"3\", \"4\") values ($1, $2, $3, $4, $5) returning * - column \"0\" of relation \"dinner_meals\" does not exist","level":"error"}
{"message":"insert into \"dinner_meals\" (\"0\", \"1\", \"2\", \"3\", \"4\") values ($1, $2, $3, $4, $5) returning * - column \"0\" of relation \"dinner_meals\" does not exist","level":"error"}
{"message":"insert into \"dinner_meals\" (\"0\", \"1\", \"2\", \"3\", \"4\") values ($1, $2, $3, $4, $5) returning * - column \"0\" of relation \"dinner_meals\" does not exist","level":"error"}
{"message":"meal is required","level":"error"}
{"message":"meal is required","level":"error"}
{"message":"meal is required","level":"error"}
{"message":"meal is required","level":"error"}
{"message":"meal is required","level":"error"}
{"message":"meal is required","level":"error"}
{"message":"select * from \"dinner_meals\" where \"name\" = $1 limit $2 - column \"name\" does not exist","level":"error"}
{"message":"select * from \"dinner_meals\" where \"name\" = $1 limit $2 - column \"name\" does not exist","level":"error"}
{"message":"mealid is not defined","level":"error"}
{"message":"select * from \"dinner_meals\" where \"name\" = $1 limit $2 - column \"name\" does not exist","level":"error"}
{"message":"select * from \"dinner_meals\" where \"name\" = $1 limit $2 - column \"name\" does not exist","level":"error"}
{"message":"Meal with id 39 deleted.","level":"info"}
{"message":"select * from \"dinner_meals\" where \"mealid\" = $1 limit $2 - invalid input syntax for integer: \"poop\"","level":"error"}
{"message":"Meal with id 43 deleted.","level":"info"}
{"message":"Meal with id 44 deleted.","level":"info"}
{"message":"Meal with id 15 deleted.","level":"info"}
{"message":"Meal with id 20 deleted.","level":"info"}
{"message":"Meal with id 24 deleted.","level":"info"}
{"message":"Meal with id 42 deleted.","level":"info"}
{"message":"Meal with id 41 deleted.","level":"info"}
{"message":"Meal with id 37 deleted.","level":"info"}
{"message":"Meal with id 1 deleted.","level":"info"}
{"message":"insert into \"dinner_meals\" (\"meal\", \"rotation\", \"userid\") values ($1, $2, $3) returning * - insert or update on table \"dinner_meals\" violates foreign key constraint \"dinner_meals_userid_fkey\"","level":"error"}
{"message":"name is required","level":"error"}
{"message":"name is required","level":"error"}
{"message":"Meal not found.","level":"error"}
{"message":"Meal not found.","level":"error"}
{"message":"Meal not found.","level":"error"}
{"message":"name is required","level":"error"}
{"message":"password is required","level":"error"}
{"message":"insert into \"dinner_users\" (\"0\", \"1\", \"2\", \"3\", \"4\") values ($1, $2, $3, $4, $5) returning * - column \"0\" of relation \"dinner_users\" does not exist","level":"error"}
{"message":"Cannot read property 'username' of undefined","level":"error"}
{"message":"select * from \"dinner_meals\" where \"mealid\" = $1 limit $2 - invalid input syntax for integer: \"Curry\"","level":"error"}
{"message":"update \"dinner_users\" set \"meal\" = $1, \"rotation\" = $2 where \"id\" = $3 - column \"id\" does not exist","level":"error"}
{"message":"userid is not defined","level":"error"}
{"message":"dinnerService.deleteUser is not a function","level":"error"}
{"message":"delete from \"dinner_users\" where \"userid\" = $1 - update or delete on table \"dinner_users\" violates foreign key constraint \"dinner_meals_userid_fkey\" on table \"dinner_meals\"","level":"error"}
{"message":"User with id 3 deleted.","level":"info"}
{"message":"select * from \"dinner_users\" where \"userid\" = $1 limit $2 - invalid input syntax for integer: \"undefined\"","level":"error"}
{"message":"select * from \"dinner_users\" where \"userid\" = $1 limit $2 - invalid input syntax for integer: \"undefined\"","level":"error"}
{"message":"select * from \"dinner_users\" where \"userid\" = $1 limit $2 - invalid input syntax for integer: \"undefined\"","level":"error"}
{"message":"select * from \"dinner_users\" where \"userid\" = $1 limit $2 - invalid input syntax for integer: \"undefined\"","level":"error"}
{"message":"select * from \"dinner_users\" where \"userid\" = $1 limit $2 - invalid input syntax for integer: \"undefined\"","level":"error"}
{"message":"user not found.","level":"error"}
{"message":"user not found.","level":"error"}
{"message":"insert into \"dinner_meals\" (\"meal\", \"rotation\", \"userid\") values ($1, $2, $3) returning * - insert or update on table \"dinner_meals\" violates foreign key constraint \"dinner_meals_userid_fkey\"","level":"error"}
{"message":"Meal with id 10 deleted.","level":"info"}
{"message":"Meal with id 3 deleted.","level":"info"}
{"message":"Meal with id 6 deleted.","level":"info"}
{"message":"Meal with id 12 deleted.","level":"info"}
{"message":"console.logger is not a function","level":"error"}
{"message":"console.logger is not a function","level":"error"}
{"message":"console.logger is not a function","level":"error"}
{"message":"console.logger is not a function","level":"error"}
{"message":"Meal with id 46 deleted.","level":"info"}
{"message":"Meal not found.","level":"error"}
{"message":"console.logger is not a function","level":"error"}
{"message":"console.logger is not a function","level":"error"}
{"message":"Meal with id 50 deleted.","level":"info"}
{"message":"Meal not found.","level":"error"}
{"message":"Meal with id 49 deleted.","level":"info"}
{"message":"Meal with id 9 deleted.","level":"info"}
{"message":"console.logger is not a function","level":"error"}
{"message":"console.logger is not a function","level":"error"}
{"message":"Meal with id 51 deleted.","level":"info"}
{"message":"Meal with id 47 deleted.","level":"info"}
{"message":"console.logger is not a function","level":"error"}
{"message":"console.logger is not a function","level":"error"}
{"message":"console.logger is not a function","level":"error"}
{"message":"console.logger is not a function","level":"error"}
{"message":"console.logger is not a function","level":"error"}
{"message":"console.logger is not a function","level":"error"}
{"message":"console.logger is not a function","level":"error"}
{"message":"console.logger is not a function","level":"error"}
{"message":"Meal with id 53 deleted.","level":"info"}
{"message":"Meal with id 54 deleted.","level":"info"}
{"message":"console.logger is not a function","level":"error"}
{"message":"console.logger is not a function","level":"error"}
{"message":"console.logger is not a function","level":"error"}
{"message":"console.logger is not a function","level":"error"}
{"message":"console.logger is not a function","level":"error"}
{"message":"console.logger is not a function","level":"error"}
{"message":"console.logger is not a function","level":"error"}
{"message":"Meal with id 55 deleted.","level":"info"}
{"message":"console.logger is not a function","level":"error"}
{"message":"console.logger is not a function","level":"error"}
{"message":"console.logger is not a function","level":"error"}
{"message":"console.logger is not a function","level":"error"}
{"message":"console.logger is not a function","level":"error"}
{"message":"console.logger is not a function","level":"error"}
{"message":"console.logger is not a function","level":"error"}
{"message":"console.logger is not a function","level":"error"}
{"message":"Meal with id 2 deleted.","level":"info"}
{"message":"console.logger is not a function","level":"error"}
{"message":"console.logger is not a function","level":"error"}
{"message":"console.logger is not a function","level":"error"}
{"message":"console.logger is not a function","level":"error"}
{"message":"console.logger is not a function","level":"error"}
{"message":"console.logger is not a function","level":"error"}
{"message":"console.logger is not a function","level":"error"}
{"message":"console.logger is not a function","level":"error"}
{"message":"console.logger is not a function","level":"error"}
{"message":"console.logger is not a function","level":"error"}
{"message":"Meal with id 56 deleted.","level":"info"}
{"message":"Undefined binding(s) detected when compiling FIRST query: select * from \"dinner_users\" where \"userid\" = ? limit ?","level":"error"}
{"message":"Cannot read property 'username' of undefined","level":"error"}
{"message":"Cannot read property 'username' of undefined","level":"error"}
{"message":"Cannot read property 'username' of undefined","level":"error"}
{"message":"Cannot read property 'username' of undefined","level":"error"}
{"message":"Cannot read property 'username' of undefined","level":"error"}
{"message":"user is not defined","level":"error"}
{"message":"token is not defined","level":"error"}
{"message":"Cannot read property 'select' of undefined","level":"error"}
{"message":"Cannot read property 'select' of undefined","level":"error"}
{"message":"select * from \"dinner_meals\" - relation \"dinner_meals\" does not exist","level":"error"}
{"message":"select * from \"dinner_meals\" - relation \"dinner_meals\" does not exist","level":"error"}
{"message":"meal is required","level":"error"}
{"message":"select * from \"dinner_meals\" - relation \"dinner_meals\" does not exist","level":"error"}
{"message":"Unable to acquire a connection","level":"error"}
{"message":"Unable to acquire a connection","level":"error"}
{"message":"select * from \"dinner_meals\" - relation \"dinner_meals\" does not exist","level":"error"}
